[17:44:18] Starting STT subprocess...
[17:44:18] STT subprocess started pid=10004
[17:44:19] status: Loading STT model (tiny) in subprocess...
[17:44:21] status: STT model loaded.
[17:44:21] status: Listening (subprocess)...
[17:47:18] Starting STT subprocess...
[17:47:18] STT subprocess started pid=8264
[17:47:19] status: Loading STT model (tiny) in subprocess...
[17:47:21] status: STT model loaded.
[17:47:21] status: Listening (subprocess)...
[17:47:38] text: まあとりあえず、
[17:47:59] Starting STT subprocess...
[17:47:59] STT subprocess started pid=9236
[17:48:00] status: Loading STT model (tiny) in subprocess...
[17:48:02] status: STT model loaded.
[17:48:02] status: Listening (subprocess)...
[17:48:09] text: 안녕하십니까?
[17:48:32] Starting STT subprocess...
[17:48:32] STT subprocess started pid=8944
[17:48:32] status: Loading STT model (tiny) in subprocess...
[17:48:34] status: STT model loaded.
[17:48:34] status: Listening (subprocess)...
[17:48:38] text: 여기는 서울입니다.
[17:48:44] text: 안녕하세요 안녕하세요 안녕하세요.
[17:50:15] Starting STT subprocess...
[17:50:15] INPUT_DEVICE=1
[17:50:15] STT subprocess started pid=12644
[17:50:16] status: Loading STT model (tiny) in subprocess...
[17:50:18] status: STT model loaded.
[17:50:18] status: Listening (subprocess)...
[17:50:58] text: Hello.
[17:51:05] text: 안하십니까.
[17:51:14] text: ありがと-
